<?xml version="1.0" encoding="UTF-8"?>
<!-- Generated by org.testng.reporters.JUnitReportReporter -->
<testsuite skipped="0" hostname="DESKTOP-OSQ54A4" name="testcases.TC_005_DuplicateLead" tests="1" failures="0" timestamp="2020-03-04T20:22:11 IST" time="40.034" errors="0">
  <testcase name="DuplicateLeads" time="40.034" classname="testcases.TC_005_DuplicateLead"/>
</testsuite> <!-- testcases.TC_005_DuplicateLead -->
