<?xml version="1.0" encoding="UTF-8"?>
<!-- Generated by org.testng.reporters.JUnitReportReporter -->
<testsuite skipped="0" hostname="DESKTOP-OSQ54A4" name="testcases.TC_004_DeleteLead" tests="1" failures="0" timestamp="2020-03-04T20:22:11 IST" time="56.237" errors="0">
  <testcase name="deleteLeads" time="56.237" classname="testcases.TC_004_DeleteLead"/>
</testsuite> <!-- testcases.TC_004_DeleteLead -->
