<?xml version="1.0" encoding="UTF-8"?>
<!-- Generated by org.testng.reporters.JUnitReportReporter -->
<testsuite skipped="0" hostname="DESKTOP-OSQ54A4" name="testcases.TC001_LoginLogout" tests="1" failures="0" timestamp="2020-03-04T20:22:11 IST" time="11.797" errors="0">
  <testcase name="loginLogout" time="11.797" classname="testcases.TC001_LoginLogout"/>
</testsuite> <!-- testcases.TC001_LoginLogout -->
