<?xml version="1.0" encoding="UTF-8"?>
<!-- Generated by org.testng.reporters.JUnitReportReporter -->
<testsuite skipped="0" hostname="DESKTOP-OSQ54A4" name="testcases.TC003_EditLead" tests="2" failures="0" timestamp="2020-03-04T20:22:11 IST" time="80.934" errors="0">
  <testcase name="EditLeads" time="40.663" classname="testcases.TC003_EditLead"/>
  <testcase name="EditLeads" time="40.271" classname="testcases.TC003_EditLead"/>
</testsuite> <!-- testcases.TC003_EditLead -->
